2023-07-19 13:59:42.771 [info] Log level: Info
2023-07-19 13:59:42.771 [info] Validating found git in: "git"
2023-07-19 13:59:42.771 [info] Using git "2.17.1" from "git"
2023-07-19 13:59:42.771 [info] > git rev-parse --show-toplevel [19ms]
2023-07-19 13:59:42.771 [info] > git rev-parse --git-dir --git-common-dir [10ms]
2023-07-19 13:59:42.771 [info] Open repository: /home/nvidia/jetson-inference
2023-07-19 13:59:42.774 [info] > git config --get commit.template [11ms]
2023-07-19 13:59:42.791 [info] > git for-each-ref --format=%(refname)%00%(upstream:short)%00%(objectname)%00%(upstream:track)%00%(upstream:remotename)%00%(upstream:remoteref) refs/heads/master refs/remotes/master [4ms]
2023-07-19 13:59:42.819 [info] > git status -z -uall [14ms]
2023-07-19 13:59:42.851 [info] > git config --get commit.template [5ms]
2023-07-19 13:59:42.868 [info] > git for-each-ref --format=%(refname)%00%(upstream:short)%00%(objectname)%00%(upstream:track)%00%(upstream:remotename)%00%(upstream:remoteref) refs/heads/master refs/remotes/master [4ms]
2023-07-19 13:59:42.883 [info] > git status -z -uall [5ms]
2023-07-19 14:09:51.302 [info] > git config --get commit.template [16ms]
2023-07-19 14:09:51.305 [info] > git for-each-ref --format=%(refname)%00%(upstream:short)%00%(objectname)%00%(upstream:track)%00%(upstream:remotename)%00%(upstream:remoteref) refs/heads/master refs/remotes/master [6ms]
2023-07-19 14:09:51.320 [info] > git status -z -uall [3ms]
2023-07-19 14:09:54.044 [info] > git check-ignore -v -z --stdin [3ms]
2023-07-20 08:59:29.696 [info] > git check-ignore -v -z --stdin [17ms]
2023-07-20 09:32:46.977 [info] > git config --get commit.template [4ms]
2023-07-20 09:32:46.992 [info] > git for-each-ref --format=%(refname)%00%(upstream:short)%00%(objectname)%00%(upstream:track)%00%(upstream:remotename)%00%(upstream:remoteref) refs/heads/master refs/remotes/master [2ms]
2023-07-20 09:32:47.007 [info] > git status -z -uall [3ms]
2023-07-20 09:32:52.044 [info] > git for-each-ref --format=%(refname)%00%(upstream:short)%00%(objectname)%00%(upstream:track)%00%(upstream:remotename)%00%(upstream:remoteref) refs/heads/master refs/remotes/master [3ms]
2023-07-20 09:32:52.046 [info] > git config --get commit.template [18ms]
2023-07-20 09:32:52.061 [info] > git status -z -uall [2ms]
2023-07-20 10:11:00.618 [info] > git config --get commit.template [16ms]
2023-07-20 10:11:00.625 [info] > git for-each-ref --format=%(refname)%00%(upstream:short)%00%(objectname)%00%(upstream:track)%00%(upstream:remotename)%00%(upstream:remoteref) refs/heads/master refs/remotes/master [9ms]
2023-07-20 10:11:01.224 [info] > git status -z -uall [586ms]
2023-07-20 10:11:01.751 [info] > git rev-parse --show-toplevel [3ms]
2023-07-20 10:11:01.767 [info] > git rev-parse --git-dir --git-common-dir [3ms]
2023-07-20 10:11:01.778 [info] Open repository: /home/nvidia/jetson-inference/utils
2023-07-20 10:11:01.806 [info] > git rev-parse --show-toplevel [15ms]
2023-07-20 10:11:01.823 [info] > git rev-parse --git-dir --git-common-dir [3ms]
2023-07-20 10:11:01.836 [info] Open repository: /home/nvidia/jetson-inference/tools/camera-capture
2023-07-20 10:11:01.852 [info] > git config --get commit.template [47ms]
2023-07-20 10:11:01.882 [info] > git for-each-ref --format %(refname) %(objectname) %(*objectname) refs/tags [15ms]
2023-07-20 10:11:01.896 [info] > git rev-parse --show-toplevel [44ms]
2023-07-20 10:11:01.913 [info] > git config --get commit.template [34ms]
2023-07-20 10:11:01.928 [info] > git rev-parse --git-dir --git-common-dir [17ms]
2023-07-20 10:11:01.939 [info] Open repository: /home/nvidia/jetson-inference/python/training/classification
2023-07-20 10:11:01.968 [info] > git status -z -uall [74ms]
2023-07-20 10:11:01.969 [info] > git for-each-ref --format %(refname) %(objectname) %(*objectname) refs/tags [44ms]
2023-07-20 10:11:02.011 [info] > git status -z -uall [27ms]
2023-07-20 10:11:02.034 [info] > git config --get commit.template [67ms]
2023-07-20 10:11:02.035 [info] > git rev-parse --show-toplevel [82ms]
2023-07-20 10:11:02.073 [info] > git config --get commit.template [63ms]
2023-07-20 10:11:02.090 [info] > git rev-parse --git-dir --git-common-dir [38ms]
2023-07-20 10:11:02.106 [info] Open repository: /home/nvidia/jetson-inference/python/training/detection
2023-07-20 10:11:02.163 [info] > git for-each-ref --format %(refname) %(objectname) %(*objectname) refs/tags [74ms]
2023-07-20 10:11:02.181 [info] > git config --get commit.template [110ms]
2023-07-20 10:11:02.197 [info] > git config --get commit.template [50ms]
2023-07-20 10:11:02.197 [info] > git for-each-ref --format %(refname) %(objectname) %(*objectname) refs/tags [64ms]
2023-07-20 10:11:02.211 [info] > git rev-parse --show-toplevel [91ms]
2023-07-20 10:11:02.226 [info] > git status -z -uall [46ms]
2023-07-20 10:11:02.226 [info] > git for-each-ref --format %(refname) %(objectname) %(*objectname) refs/tags [32ms]
2023-07-20 10:11:02.277 [info] > git status -z -uall [67ms]
2023-07-20 10:11:02.277 [info] > git status -z -uall [39ms]
2023-07-20 10:11:02.284 [info] > git rev-parse --git-dir --git-common-dir [60ms]
2023-07-20 10:11:02.292 [info] Open repository: /home/nvidia/jetson-inference/python/training/segmentation
2023-07-20 10:11:02.321 [info] > git config --get commit.template [45ms]
2023-07-20 10:11:02.321 [info] > git for-each-ref --format %(refname) %(objectname) %(*objectname) refs/tags [59ms]
2023-07-20 10:11:02.348 [info] > git config --get commit.template [29ms]
2023-07-20 10:11:02.348 [info] > git rev-parse --show-toplevel [42ms]
2023-07-20 10:11:02.374 [info] > git status -z -uall [39ms]
2023-07-20 10:11:02.414 [info] > git for-each-ref --format %(refname) %(objectname) %(*objectname) refs/tags [41ms]
2023-07-20 10:11:02.427 [info] > git rev-parse --git-dir --git-common-dir [67ms]
2023-07-20 10:11:02.437 [info] Open repository: /home/nvidia/jetson-inference/c/plugins/pose
2023-07-20 10:11:02.468 [info] > git status -z -uall [42ms]
2023-07-20 10:11:02.472 [info] > git config --get commit.template [59ms]
2023-07-20 10:11:02.472 [info] > git for-each-ref --format %(refname) %(objectname) %(*objectname) refs/tags [72ms]
2023-07-20 10:11:02.487 [info] > git config --get commit.template [19ms]
2023-07-20 10:11:02.487 [info] > git rev-parse --show-toplevel [37ms]
2023-07-20 10:11:02.512 [info] > git status -z -uall [28ms]
2023-07-20 10:11:02.554 [info] > git for-each-ref --format %(refname) %(objectname) %(*objectname) refs/tags [42ms]
2023-07-20 10:11:02.567 [info] > git rev-parse --git-dir --git-common-dir [68ms]
2023-07-20 10:11:02.578 [info] Open repository: /home/nvidia/jetson-inference/docker/containers
2023-07-20 10:11:02.606 [info] > git status -z -uall [40ms]
2023-07-20 10:11:02.610 [info] > git config --get commit.template [58ms]
2023-07-20 10:11:02.611 [info] > git for-each-ref --format %(refname) %(objectname) %(*objectname) refs/tags [71ms]
2023-07-20 10:11:02.625 [info] > git config --get commit.template [20ms]
2023-07-20 10:11:02.626 [info] > git rev-parse --show-toplevel [34ms]
2023-07-20 10:11:02.652 [info] > git status -z -uall [29ms]
2023-07-20 10:11:02.691 [info] > git for-each-ref --format %(refname) %(objectname) %(*objectname) refs/tags [41ms]
2023-07-20 10:11:02.704 [info] > git rev-parse --git-dir --git-common-dir [66ms]
2023-07-20 10:11:02.719 [info] Open repository: /home/nvidia/jetson-inference/ros
2023-07-20 10:11:02.735 [info] > git status -z -uall [31ms]
2023-07-20 10:11:02.738 [info] > git config --get commit.template [48ms]
2023-07-20 10:11:02.738 [info] > git for-each-ref --format %(refname) %(objectname) %(*objectname) refs/tags [62ms]
2023-07-20 10:11:02.753 [info] > git config --get commit.template [20ms]
2023-07-20 10:11:02.781 [info] > git status -z -uall [30ms]
2023-07-20 10:11:02.807 [info] > git for-each-ref --format %(refname) %(objectname) %(*objectname) refs/tags [27ms]
2023-07-20 10:11:02.821 [info] > git for-each-ref --format %(refname) %(objectname) %(*objectname) refs/tags [54ms]
2023-07-20 10:11:02.835 [info] > git status -z -uall [15ms]
2023-07-20 10:11:02.846 [info] > git config --get commit.template [40ms]
2023-07-20 10:11:02.887 [info] > git status -z -uall [54ms]
2023-07-20 10:11:02.905 [info] > git check-ignore -v -z --stdin [46ms]
2023-07-20 10:11:02.908 [info] > git check-ignore -v -z --stdin [36ms]
2023-07-20 10:11:02.909 [info] > git config --get commit.template [24ms]
2023-07-20 10:11:02.910 [info] > git for-each-ref --format %(refname) %(objectname) %(*objectname) refs/tags [7ms]
2023-07-20 10:11:02.939 [info] > git status -z -uall [15ms]
2023-07-20 10:11:02.950 [info] > git for-each-ref --format %(refname) %(objectname) %(*objectname) refs/tags [13ms]
2023-07-20 10:11:02.971 [info] > git status -z -uall [9ms]
2023-07-20 10:11:03.125 [info] > git rev-parse --show-toplevel [2ms]
2023-07-20 10:11:03.140 [info] > git rev-parse --git-dir --git-common-dir [3ms]
2023-07-20 10:11:03.154 [info] Open repository: /home/nvidia/jetson-inference/python/training/detection/ssd
2023-07-20 10:11:03.183 [info] > git config --get commit.template [14ms]
2023-07-20 10:11:03.184 [info] > git for-each-ref --format %(refname) %(objectname) %(*objectname) refs/tags [3ms]
2023-07-20 10:11:03.206 [info] > git status -z -uall [9ms]
2023-07-20 10:11:03.242 [info] > git config --get commit.template [15ms]
2023-07-20 10:11:03.244 [info] > git for-each-ref --format %(refname) %(objectname) %(*objectname) refs/tags [4ms]
2023-07-20 10:11:03.266 [info] > git status -z -uall [10ms]
2023-07-20 10:11:03.491 [info] > git check-ignore -v -z --stdin [29ms]
2023-07-20 10:11:03.494 [info] > git check-ignore -v -z --stdin [18ms]
2023-07-20 10:11:03.494 [info] > git check-ignore -v -z --stdin [6ms]
2023-07-20 10:11:05.328 [info] > git check-ignore -v -z --stdin [5ms]
2023-07-20 10:11:06.273 [info] > git config --get commit.template [18ms]
2023-07-20 10:11:06.274 [info] > git for-each-ref --format=%(refname)%00%(upstream:short)%00%(objectname)%00%(upstream:track)%00%(upstream:remotename)%00%(upstream:remoteref) refs/heads/master refs/remotes/master [2ms]
2023-07-20 10:11:06.873 [info] > git status -z -uall [587ms]
2023-07-20 10:11:08.142 [info] > git check-ignore -v -z --stdin [4ms]
2023-07-20 10:11:10.505 [info] > git check-ignore -v -z --stdin [6ms]
2023-07-20 10:24:28.617 [info] > git check-ignore -v -z --stdin [7ms]
2023-07-20 10:31:21.486 [info] > git check-ignore -v -z --stdin [4ms]
2023-07-20 10:37:47.897 [info] > git config --get commit.template [14ms]
2023-07-20 10:37:47.899 [info] > git for-each-ref --format=%(refname)%00%(upstream:short)%00%(objectname)%00%(upstream:track)%00%(upstream:remotename)%00%(upstream:remoteref) refs/heads/master refs/remotes/master [3ms]
2023-07-20 10:37:48.519 [info] > git status -z -uall [610ms]
2023-07-20 10:37:53.556 [info] > git config --get commit.template [13ms]
2023-07-20 10:37:53.557 [info] > git for-each-ref --format=%(refname)%00%(upstream:short)%00%(objectname)%00%(upstream:track)%00%(upstream:remotename)%00%(upstream:remoteref) refs/heads/master refs/remotes/master [4ms]
2023-07-20 10:37:54.156 [info] > git status -z -uall [584ms]
2023-07-20 10:39:36.653 [info] > git config --get commit.template [13ms]
2023-07-20 10:39:36.655 [info] > git for-each-ref --format=%(refname)%00%(upstream:short)%00%(objectname)%00%(upstream:track)%00%(upstream:remotename)%00%(upstream:remoteref) refs/heads/master refs/remotes/master [4ms]
2023-07-20 10:39:37.248 [info] > git status -z -uall [582ms]
2023-07-20 10:39:41.334 [info] > git check-ignore -v -z --stdin [4ms]
2023-07-20 10:40:38.456 [info] > git config --get commit.template [12ms]
2023-07-20 10:40:38.457 [info] > git for-each-ref --format=%(refname)%00%(upstream:short)%00%(objectname)%00%(upstream:track)%00%(upstream:remotename)%00%(upstream:remoteref) refs/heads/master refs/remotes/master [3ms]
2023-07-20 10:40:39.055 [info] > git status -z -uall [587ms]
2023-07-20 10:41:02.893 [info] > git config --get commit.template [13ms]
2023-07-20 10:41:02.895 [info] > git for-each-ref --format=%(refname)%00%(upstream:short)%00%(objectname)%00%(upstream:track)%00%(upstream:remotename)%00%(upstream:remoteref) refs/heads/master refs/remotes/master [4ms]
2023-07-20 10:41:03.488 [info] > git status -z -uall [582ms]
2023-07-20 10:41:08.520 [info] > git config --get commit.template [13ms]
2023-07-20 10:41:08.521 [info] > git for-each-ref --format=%(refname)%00%(upstream:short)%00%(objectname)%00%(upstream:track)%00%(upstream:remotename)%00%(upstream:remoteref) refs/heads/master refs/remotes/master [3ms]
2023-07-20 10:41:09.118 [info] > git status -z -uall [586ms]
2023-07-20 10:41:14.151 [info] > git config --get commit.template [15ms]
2023-07-20 10:41:14.152 [info] > git for-each-ref --format=%(refname)%00%(upstream:short)%00%(objectname)%00%(upstream:track)%00%(upstream:remotename)%00%(upstream:remoteref) refs/heads/master refs/remotes/master [3ms]
2023-07-20 10:41:14.748 [info] > git status -z -uall [584ms]
2023-07-20 10:41:19.769 [info] > git config --get commit.template [3ms]
2023-07-20 10:41:19.784 [info] > git for-each-ref --format=%(refname)%00%(upstream:short)%00%(objectname)%00%(upstream:track)%00%(upstream:remotename)%00%(upstream:remoteref) refs/heads/master refs/remotes/master [3ms]
2023-07-20 10:41:20.385 [info] > git status -z -uall [591ms]
2023-07-20 10:41:25.418 [info] > git config --get commit.template [14ms]
2023-07-20 10:41:25.419 [info] > git for-each-ref --format=%(refname)%00%(upstream:short)%00%(objectname)%00%(upstream:track)%00%(upstream:remotename)%00%(upstream:remoteref) refs/heads/master refs/remotes/master [4ms]
2023-07-20 10:41:26.011 [info] > git status -z -uall [581ms]
2023-07-20 10:41:31.048 [info] > git config --get commit.template [12ms]
2023-07-20 10:41:31.050 [info] > git for-each-ref --format=%(refname)%00%(upstream:short)%00%(objectname)%00%(upstream:track)%00%(upstream:remotename)%00%(upstream:remoteref) refs/heads/master refs/remotes/master [4ms]
2023-07-20 10:41:31.657 [info] > git status -z -uall [597ms]
2023-07-20 10:41:36.689 [info] > git config --get commit.template [15ms]
2023-07-20 10:41:36.690 [info] > git for-each-ref --format=%(refname)%00%(upstream:short)%00%(objectname)%00%(upstream:track)%00%(upstream:remotename)%00%(upstream:remoteref) refs/heads/master refs/remotes/master [5ms]
2023-07-20 10:41:37.283 [info] > git status -z -uall [583ms]
2023-07-20 10:41:42.313 [info] > git config --get commit.template [12ms]
2023-07-20 10:41:42.315 [info] > git for-each-ref --format=%(refname)%00%(upstream:short)%00%(objectname)%00%(upstream:track)%00%(upstream:remotename)%00%(upstream:remoteref) refs/heads/master refs/remotes/master [3ms]
2023-07-20 10:41:42.913 [info] > git status -z -uall [586ms]
2023-07-20 10:41:47.942 [info] > git config --get commit.template [13ms]
2023-07-20 10:41:47.944 [info] > git for-each-ref --format=%(refname)%00%(upstream:short)%00%(objectname)%00%(upstream:track)%00%(upstream:remotename)%00%(upstream:remoteref) refs/heads/master refs/remotes/master [4ms]
2023-07-20 10:41:48.543 [info] > git status -z -uall [587ms]
2023-07-20 10:41:53.572 [info] > git config --get commit.template [13ms]
2023-07-20 10:41:53.574 [info] > git for-each-ref --format=%(refname)%00%(upstream:short)%00%(objectname)%00%(upstream:track)%00%(upstream:remotename)%00%(upstream:remoteref) refs/heads/master refs/remotes/master [4ms]
2023-07-20 10:41:54.169 [info] > git status -z -uall [585ms]
2023-07-20 10:41:59.200 [info] > git config --get commit.template [14ms]
2023-07-20 10:41:59.201 [info] > git for-each-ref --format=%(refname)%00%(upstream:short)%00%(objectname)%00%(upstream:track)%00%(upstream:remotename)%00%(upstream:remoteref) refs/heads/master refs/remotes/master [3ms]
2023-07-20 10:41:59.792 [info] > git status -z -uall [581ms]
2023-07-20 10:42:04.822 [info] > git config --get commit.template [14ms]
2023-07-20 10:42:04.825 [info] > git for-each-ref --format=%(refname)%00%(upstream:short)%00%(objectname)%00%(upstream:track)%00%(upstream:remotename)%00%(upstream:remoteref) refs/heads/master refs/remotes/master [4ms]
2023-07-20 10:42:05.423 [info] > git status -z -uall [588ms]
2023-07-20 10:42:10.454 [info] > git config --get commit.template [13ms]
2023-07-20 10:42:10.456 [info] > git for-each-ref --format=%(refname)%00%(upstream:short)%00%(objectname)%00%(upstream:track)%00%(upstream:remotename)%00%(upstream:remoteref) refs/heads/master refs/remotes/master [3ms]
2023-07-20 10:42:11.047 [info] > git status -z -uall [581ms]
2023-07-20 10:42:19.575 [info] > git config --get commit.template [12ms]
2023-07-20 10:42:19.577 [info] > git for-each-ref --format=%(refname)%00%(upstream:short)%00%(objectname)%00%(upstream:track)%00%(upstream:remotename)%00%(upstream:remoteref) refs/heads/master refs/remotes/master [4ms]
2023-07-20 10:42:20.170 [info] > git status -z -uall [583ms]
2023-07-20 10:42:25.200 [info] > git config --get commit.template [12ms]
2023-07-20 10:42:25.201 [info] > git for-each-ref --format=%(refname)%00%(upstream:short)%00%(objectname)%00%(upstream:track)%00%(upstream:remotename)%00%(upstream:remoteref) refs/heads/master refs/remotes/master [3ms]
2023-07-20 10:42:25.799 [info] > git status -z -uall [586ms]
2023-07-20 10:42:30.828 [info] > git config --get commit.template [12ms]
2023-07-20 10:42:30.830 [info] > git for-each-ref --format=%(refname)%00%(upstream:short)%00%(objectname)%00%(upstream:track)%00%(upstream:remotename)%00%(upstream:remoteref) refs/heads/master refs/remotes/master [3ms]
2023-07-20 10:42:31.431 [info] > git status -z -uall [591ms]
2023-07-20 10:42:36.461 [info] > git config --get commit.template [13ms]
2023-07-20 10:42:36.463 [info] > git for-each-ref --format=%(refname)%00%(upstream:short)%00%(objectname)%00%(upstream:track)%00%(upstream:remotename)%00%(upstream:remoteref) refs/heads/master refs/remotes/master [4ms]
2023-07-20 10:42:37.055 [info] > git status -z -uall [582ms]
2023-07-20 10:42:42.084 [info] > git config --get commit.template [13ms]
2023-07-20 10:42:42.086 [info] > git for-each-ref --format=%(refname)%00%(upstream:short)%00%(objectname)%00%(upstream:track)%00%(upstream:remotename)%00%(upstream:remoteref) refs/heads/master refs/remotes/master [4ms]
2023-07-20 10:42:42.678 [info] > git status -z -uall [582ms]
2023-07-20 10:42:47.701 [info] > git config --get commit.template [4ms]
2023-07-20 10:42:47.715 [info] > git for-each-ref --format=%(refname)%00%(upstream:short)%00%(objectname)%00%(upstream:track)%00%(upstream:remotename)%00%(upstream:remoteref) refs/heads/master refs/remotes/master [3ms]
2023-07-20 10:42:48.309 [info] > git status -z -uall [584ms]
2023-07-20 10:42:53.339 [info] > git config --get commit.template [13ms]
2023-07-20 10:42:53.341 [info] > git for-each-ref --format=%(refname)%00%(upstream:short)%00%(objectname)%00%(upstream:track)%00%(upstream:remotename)%00%(upstream:remoteref) refs/heads/master refs/remotes/master [3ms]
2023-07-20 10:42:53.935 [info] > git status -z -uall [584ms]
2023-07-20 10:43:39.623 [info] > git config --get commit.template [13ms]
2023-07-20 10:43:39.624 [info] > git for-each-ref --format=%(refname)%00%(upstream:short)%00%(objectname)%00%(upstream:track)%00%(upstream:remotename)%00%(upstream:remoteref) refs/heads/master refs/remotes/master [4ms]
2023-07-20 10:43:40.219 [info] > git status -z -uall [585ms]
2023-07-20 10:44:58.931 [info] > git config --get commit.template [15ms]
2023-07-20 10:44:58.932 [info] > git for-each-ref --format=%(refname)%00%(upstream:short)%00%(objectname)%00%(upstream:track)%00%(upstream:remotename)%00%(upstream:remoteref) refs/heads/master refs/remotes/master [3ms]
2023-07-20 10:44:59.522 [info] > git status -z -uall [579ms]
2023-07-20 10:45:30.014 [info] > git config --get commit.template [13ms]
2023-07-20 10:45:30.015 [info] > git for-each-ref --format=%(refname)%00%(upstream:short)%00%(objectname)%00%(upstream:track)%00%(upstream:remotename)%00%(upstream:remoteref) refs/heads/master refs/remotes/master [3ms]
2023-07-20 10:45:30.610 [info] > git status -z -uall [584ms]
2023-07-20 10:48:34.468 [info] > git check-ignore -v -z --stdin [3ms]
2023-07-20 10:48:36.281 [info] > git check-ignore -v -z --stdin [3ms]
2023-07-20 10:48:58.309 [info] > git check-ignore -v -z --stdin [3ms]
2023-07-20 10:48:59.630 [info] > git check-ignore -v -z --stdin [3ms]
2023-07-20 10:49:03.021 [info] > git check-ignore -v -z --stdin [2ms]
2023-07-20 10:49:05.264 [info] > git check-ignore -v -z --stdin [3ms]
2023-07-20 10:49:30.485 [info] > git show --textconv :xml.h [15ms]
2023-07-20 10:49:30.489 [info] > git ls-files --stage -- /home/nvidia/jetson-inference/utils/xml.h [5ms]
2023-07-20 10:49:30.504 [info] > git cat-file -s 66d7b7ee97e5ecd44a865de7cc5d6feaf93d9f65 [4ms]
2023-07-20 10:52:10.326 [info] > git config --get commit.template [13ms]
2023-07-20 10:52:10.327 [info] > git for-each-ref --format=%(refname)%00%(upstream:short)%00%(objectname)%00%(upstream:track)%00%(upstream:remotename)%00%(upstream:remoteref) refs/heads/master refs/remotes/master [3ms]
2023-07-20 10:52:10.919 [info] > git status -z -uall [581ms]
2023-07-20 10:52:23.218 [info] > git config --get commit.template [3ms]
2023-07-20 10:52:23.233 [info] > git for-each-ref --format=%(refname)%00%(upstream:short)%00%(objectname)%00%(upstream:track)%00%(upstream:remotename)%00%(upstream:remoteref) refs/heads/master refs/remotes/master [3ms]
2023-07-20 10:52:23.829 [info] > git status -z -uall [584ms]
2023-07-20 10:53:17.590 [info] > git config --get commit.template [13ms]
2023-07-20 10:53:17.592 [info] > git for-each-ref --format=%(refname)%00%(upstream:short)%00%(objectname)%00%(upstream:track)%00%(upstream:remotename)%00%(upstream:remoteref) refs/heads/master refs/remotes/master [4ms]
2023-07-20 10:53:18.186 [info] > git status -z -uall [583ms]
2023-07-20 10:53:23.218 [info] > git config --get commit.template [15ms]
2023-07-20 10:53:23.219 [info] > git for-each-ref --format=%(refname)%00%(upstream:short)%00%(objectname)%00%(upstream:track)%00%(upstream:remotename)%00%(upstream:remoteref) refs/heads/master refs/remotes/master [4ms]
2023-07-20 10:53:23.812 [info] > git status -z -uall [582ms]
2023-07-20 10:56:11.624 [info] > git config --get commit.template [16ms]
2023-07-20 10:56:11.624 [info] > git for-each-ref --format=%(refname)%00%(upstream:short)%00%(objectname)%00%(upstream:track)%00%(upstream:remotename)%00%(upstream:remoteref) refs/heads/master refs/remotes/master [5ms]
2023-07-20 10:56:12.222 [info] > git status -z -uall [586ms]
2023-07-20 10:58:45.225 [info] > git config --get commit.template [14ms]
2023-07-20 10:58:45.226 [info] > git for-each-ref --format=%(refname)%00%(upstream:short)%00%(objectname)%00%(upstream:track)%00%(upstream:remotename)%00%(upstream:remoteref) refs/heads/master refs/remotes/master [3ms]
2023-07-20 10:58:45.822 [info] > git status -z -uall [584ms]
2023-07-20 10:59:14.713 [info] > git config --get commit.template [14ms]
2023-07-20 10:59:14.715 [info] > git for-each-ref --format=%(refname)%00%(upstream:short)%00%(objectname)%00%(upstream:track)%00%(upstream:remotename)%00%(upstream:remoteref) refs/heads/master refs/remotes/master [3ms]
2023-07-20 10:59:15.308 [info] > git status -z -uall [583ms]
2023-07-20 10:59:20.329 [info] > git config --get commit.template [3ms]
2023-07-20 10:59:20.344 [info] > git for-each-ref --format=%(refname)%00%(upstream:short)%00%(objectname)%00%(upstream:track)%00%(upstream:remotename)%00%(upstream:remoteref) refs/heads/master refs/remotes/master [4ms]
2023-07-20 10:59:20.941 [info] > git status -z -uall [586ms]
2023-07-20 11:00:50.101 [info] > git config --get commit.template [2ms]
2023-07-20 11:00:50.115 [info] > git for-each-ref --format=%(refname)%00%(upstream:short)%00%(objectname)%00%(upstream:track)%00%(upstream:remotename)%00%(upstream:remoteref) refs/heads/master refs/remotes/master [3ms]
2023-07-20 11:00:50.711 [info] > git status -z -uall [585ms]
2023-07-20 11:00:55.744 [info] > git config --get commit.template [13ms]
2023-07-20 11:00:55.746 [info] > git for-each-ref --format=%(refname)%00%(upstream:short)%00%(objectname)%00%(upstream:track)%00%(upstream:remotename)%00%(upstream:remoteref) refs/heads/master refs/remotes/master [4ms]
2023-07-20 11:00:56.339 [info] > git status -z -uall [582ms]
2023-07-20 11:01:30.393 [info] > git config --get commit.template [13ms]
2023-07-20 11:01:30.395 [info] > git for-each-ref --format=%(refname)%00%(upstream:short)%00%(objectname)%00%(upstream:track)%00%(upstream:remotename)%00%(upstream:remoteref) refs/heads/master refs/remotes/master [3ms]
2023-07-20 11:01:30.993 [info] > git status -z -uall [587ms]
2023-07-20 11:03:54.851 [info] > git config --get commit.template [12ms]
2023-07-20 11:03:54.853 [info] > git for-each-ref --format=%(refname)%00%(upstream:short)%00%(objectname)%00%(upstream:track)%00%(upstream:remotename)%00%(upstream:remoteref) refs/heads/master refs/remotes/master [3ms]
2023-07-20 11:03:55.455 [info] > git status -z -uall [592ms]
2023-07-20 11:07:28.611 [info] > git config --get commit.template [13ms]
2023-07-20 11:07:28.613 [info] > git for-each-ref --format=%(refname)%00%(upstream:short)%00%(objectname)%00%(upstream:track)%00%(upstream:remotename)%00%(upstream:remoteref) refs/heads/master refs/remotes/master [4ms]
2023-07-20 11:07:29.235 [info] > git status -z -uall [611ms]
2023-07-20 11:08:01.184 [info] > git check-ignore -v -z --stdin [4ms]
2023-07-20 11:08:01.269 [info] > git config --get commit.template [13ms]
2023-07-20 11:08:01.271 [info] > git for-each-ref --format=%(refname)%00%(upstream:short)%00%(objectname)%00%(upstream:track)%00%(upstream:remotename)%00%(upstream:remoteref) refs/heads/master refs/remotes/master [3ms]
2023-07-20 11:08:01.862 [info] > git status -z -uall [582ms]
2023-07-20 11:08:18.976 [info] > git config --get commit.template [3ms]
2023-07-20 11:08:18.991 [info] > git for-each-ref --format=%(refname)%00%(upstream:short)%00%(objectname)%00%(upstream:track)%00%(upstream:remotename)%00%(upstream:remoteref) refs/heads/master refs/remotes/master [5ms]
2023-07-20 11:08:19.583 [info] > git status -z -uall [581ms]
2023-07-20 11:08:19.703 [info] > git check-ignore -v -z --stdin [4ms]
2023-07-20 11:08:25.195 [info] > git config --get commit.template [12ms]
2023-07-20 11:08:25.198 [info] > git for-each-ref --format=%(refname)%00%(upstream:short)%00%(objectname)%00%(upstream:track)%00%(upstream:remotename)%00%(upstream:remoteref) refs/heads/master refs/remotes/master [3ms]
2023-07-20 11:08:25.793 [info] > git status -z -uall [584ms]
2023-07-20 11:10:38.331 [info] > git check-ignore -v -z --stdin [4ms]
2023-07-20 11:10:39.952 [info] > git config --get commit.template [16ms]
2023-07-20 11:10:39.953 [info] > git for-each-ref --format=%(refname)%00%(upstream:short)%00%(objectname)%00%(upstream:track)%00%(upstream:remotename)%00%(upstream:remoteref) refs/heads/master refs/remotes/master [5ms]
2023-07-20 11:10:40.571 [info] > git status -z -uall [607ms]
2023-07-20 11:10:45.616 [info] > git config --get commit.template [16ms]
2023-07-20 11:10:45.618 [info] > git for-each-ref --format=%(refname)%00%(upstream:short)%00%(objectname)%00%(upstream:track)%00%(upstream:remotename)%00%(upstream:remoteref) refs/heads/master refs/remotes/master [4ms]
2023-07-20 11:10:46.248 [info] > git status -z -uall [620ms]
2023-07-20 11:10:51.281 [info] > git config --get commit.template [12ms]
2023-07-20 11:10:51.283 [info] > git for-each-ref --format=%(refname)%00%(upstream:short)%00%(objectname)%00%(upstream:track)%00%(upstream:remotename)%00%(upstream:remoteref) refs/heads/master refs/remotes/master [3ms]
2023-07-20 11:10:51.916 [info] > git status -z -uall [623ms]
2023-07-20 11:10:56.945 [info] > git config --get commit.template [12ms]
2023-07-20 11:10:56.947 [info] > git for-each-ref --format=%(refname)%00%(upstream:short)%00%(objectname)%00%(upstream:track)%00%(upstream:remotename)%00%(upstream:remoteref) refs/heads/master refs/remotes/master [3ms]
2023-07-20 11:10:57.546 [info] > git status -z -uall [589ms]
2023-07-20 11:11:55.192 [info] > git config --get commit.template [12ms]
2023-07-20 11:11:55.193 [info] > git for-each-ref --format=%(refname)%00%(upstream:short)%00%(objectname)%00%(upstream:track)%00%(upstream:remotename)%00%(upstream:remoteref) refs/heads/master refs/remotes/master [3ms]
2023-07-20 11:11:55.785 [info] > git status -z -uall [582ms]
2023-07-20 11:13:09.658 [info] > git config --get commit.template [14ms]
2023-07-20 11:13:09.659 [info] > git for-each-ref --format=%(refname)%00%(upstream:short)%00%(objectname)%00%(upstream:track)%00%(upstream:remotename)%00%(upstream:remoteref) refs/heads/master refs/remotes/master [4ms]
2023-07-20 11:13:10.258 [info] > git status -z -uall [587ms]
2023-07-20 11:13:15.287 [info] > git config --get commit.template [12ms]
2023-07-20 11:13:15.289 [info] > git for-each-ref --format=%(refname)%00%(upstream:short)%00%(objectname)%00%(upstream:track)%00%(upstream:remotename)%00%(upstream:remoteref) refs/heads/master refs/remotes/master [3ms]
2023-07-20 11:13:15.889 [info] > git status -z -uall [590ms]
2023-07-20 11:16:24.111 [info] > git config --get commit.template [2ms]
2023-07-20 11:16:24.127 [info] > git for-each-ref --format=%(refname)%00%(upstream:short)%00%(objectname)%00%(upstream:track)%00%(upstream:remotename)%00%(upstream:remoteref) refs/heads/master refs/remotes/master [1ms]
2023-07-20 11:16:24.729 [info] > git status -z -uall [592ms]
2023-07-20 11:17:22.246 [info] > git config --get commit.template [15ms]
2023-07-20 11:17:22.248 [info] > git for-each-ref --format=%(refname)%00%(upstream:short)%00%(objectname)%00%(upstream:track)%00%(upstream:remotename)%00%(upstream:remoteref) refs/heads/master refs/remotes/master [4ms]
2023-07-20 11:17:22.542 [info] > git check-ignore -v -z --stdin [4ms]
2023-07-20 11:17:22.842 [info] > git status -z -uall [584ms]
2023-07-20 11:17:54.318 [info] > git config --get commit.template [12ms]
2023-07-20 11:17:54.320 [info] > git for-each-ref --format=%(refname)%00%(upstream:short)%00%(objectname)%00%(upstream:track)%00%(upstream:remotename)%00%(upstream:remoteref) refs/heads/master refs/remotes/master [3ms]
2023-07-20 11:17:54.917 [info] > git status -z -uall [586ms]
2023-07-20 11:19:58.035 [info] > git config --get commit.template [14ms]
2023-07-20 11:19:58.036 [info] > git for-each-ref --format=%(refname)%00%(upstream:short)%00%(objectname)%00%(upstream:track)%00%(upstream:remotename)%00%(upstream:remoteref) refs/heads/master refs/remotes/master [3ms]
2023-07-20 11:19:58.634 [info] > git status -z -uall [585ms]
2023-07-20 11:20:29.970 [info] > git config --get commit.template [15ms]
2023-07-20 11:20:29.972 [info] > git for-each-ref --format=%(refname)%00%(upstream:short)%00%(objectname)%00%(upstream:track)%00%(upstream:remotename)%00%(upstream:remoteref) refs/heads/master refs/remotes/master [4ms]
2023-07-20 11:20:30.568 [info] > git status -z -uall [583ms]
2023-07-20 11:20:54.445 [info] > git config --get commit.template [15ms]
2023-07-20 11:20:54.447 [info] > git for-each-ref --format=%(refname)%00%(upstream:short)%00%(objectname)%00%(upstream:track)%00%(upstream:remotename)%00%(upstream:remoteref) refs/heads/master refs/remotes/master [4ms]
2023-07-20 11:20:55.042 [info] > git status -z -uall [583ms]
2023-07-20 11:24:16.579 [info] > git config --get commit.template [15ms]
2023-07-20 11:24:16.581 [info] > git for-each-ref --format=%(refname)%00%(upstream:short)%00%(objectname)%00%(upstream:track)%00%(upstream:remotename)%00%(upstream:remoteref) refs/heads/master refs/remotes/master [4ms]
2023-07-20 11:24:17.175 [info] > git status -z -uall [581ms]
2023-07-20 11:24:33.662 [info] > git config --get commit.template [19ms]
2023-07-20 11:24:33.669 [info] > git for-each-ref --format=%(refname)%00%(upstream:short)%00%(objectname)%00%(upstream:track)%00%(upstream:remotename)%00%(upstream:remoteref) refs/heads/master refs/remotes/master [8ms]
2023-07-20 11:24:34.292 [info] > git status -z -uall [606ms]
2023-07-20 11:27:18.715 [info] > git config --get commit.template [15ms]
2023-07-20 11:27:18.720 [info] > git for-each-ref --format=%(refname)%00%(upstream:short)%00%(objectname)%00%(upstream:track)%00%(upstream:remotename)%00%(upstream:remoteref) refs/heads/master refs/remotes/master [5ms]
2023-07-20 11:27:19.326 [info] > git status -z -uall [593ms]
2023-07-20 12:28:22.173 [info] > git check-ignore -v -z --stdin [4ms]
2023-07-20 12:28:22.943 [info] > git check-ignore -v -z --stdin [5ms]
2023-07-20 12:36:11.422 [info] > git config --get commit.template [15ms]
2023-07-20 12:36:11.424 [info] > git for-each-ref --format=%(refname)%00%(upstream:short)%00%(objectname)%00%(upstream:track)%00%(upstream:remotename)%00%(upstream:remoteref) refs/heads/master refs/remotes/master [3ms]
2023-07-20 12:36:12.018 [info] > git status -z -uall [581ms]
