*
* Visual Studio Code Server
*
* By using the software, you agree to
* the Visual Studio Code Server License Terms (https://aka.ms/vscode-server-license) and
* the Microsoft Privacy Statement (https://privacy.microsoft.com/en-US/privacystatement).
*
Server bound to 127.0.0.1:34217 (IPv4)
Extension host agent listening on 34217

[13:57:58] 




[13:57:58] Extension host agent started.
[13:57:59] [127.0.0.1][0e3747bc][ManagementConnection] New connection established.
[13:57:59] [127.0.0.1][fe78199f][ExtensionHostConnection] New connection established.
[13:57:59] [127.0.0.1][fe78199f][ExtensionHostConnection] <7525> Launched Extension Host Process.
[IPC Library: Pty Host]  WARN Shell integration cannot be enabled for executable "/bin/sh" and args [
  '-c',
  'wget --version > /dev/null\n' +
    'if [ $? -eq 0 ]\n' +
    'then\n' +
    "\twget --connect-timeout=7 --tries=1 --dns-timeout=7 -q --header='Metadata:true' -O - http://169.254.169.254/metadata/instance?api-version=2019-03-11\n" +
    'else\n' +
    '\tcurl --version > /dev/null\n' +
    '\tif [ $? -eq 0 ]\n' +
    '\tthen\n' +
    "\t\tcurl --connect-timeout 7 -s --header='Metadata:true' http://169.254.169.254/metadata/instance?api-version=2019-03-11\n" +
    '\tfi\n' +
    'fi\n' +
    'exit 0'
]
[IPC Library: Pty Host]  WARN Shell integration cannot be enabled for executable "/bin/sh" and args [
  '-c',
  'wget --version > /dev/null\n' +
    'if [ $? -eq 0 ]\n' +
    'then\n' +
    '\twget --connect-timeout=7 --tries=1 --dns-timeout=7 -q  -O - http://169.254.169.254/latest/meta-data/instance-id\n' +
    'else\n' +
    '\tcurl --version > /dev/null\n' +
    '\tif [ $? -eq 0 ]\n' +
    '\tthen\n' +
    '\t\tcurl --connect-timeout 7 -s  http://169.254.169.254/latest/meta-data/instance-id\n' +
    '\tfi\n' +
    'fi\n' +
    'exit 0'
]
[IPC Library: Pty Host]  WARN Shell integration cannot be enabled for executable "/bin/sh" and args [
  '-c',
  'wget --version > /dev/null\n' +
    'if [ $? -eq 0 ]\n' +
    'then\n' +
    '\twget --connect-timeout=7 --tries=1 --dns-timeout=7 -q  -O - http://169.254.169.254/metadata/v1/id\n' +
    'else\n' +
    '\tcurl --version > /dev/null\n' +
    '\tif [ $? -eq 0 ]\n' +
    '\tthen\n' +
    '\t\tcurl --connect-timeout 7 -s  http://169.254.169.254/metadata/v1/id\n' +
    '\tfi\n' +
    'fi\n' +
    'exit 0'
]
[IPC Library: Pty Host]  WARN Shell integration cannot be enabled for executable "/bin/sh" and args [
  '-c',
  'wget --version > /dev/null\n' +
    'if [ $? -eq 0 ]\n' +
    'then\n' +
    "\twget --connect-timeout=7 --tries=1 --dns-timeout=7 -q --header='Metadata-Flavor:Google' -O - http://metadata.google.internal/computeMetadata/v1/instance/id\n" +
    'else\n' +
    '\tcurl --version > /dev/null\n' +
    '\tif [ $? -eq 0 ]\n' +
    '\tthen\n' +
    "\t\tcurl --connect-timeout 7 -s --header='Metadata-Flavor:Google' http://metadata.google.internal/computeMetadata/v1/instance/id\n" +
    '\tfi\n' +
    'fi\n' +
    'exit 0'
]
rejected promise not handled within 1 second: CodeExpectedError: Could not find pty on pty host
stack trace: CodeExpectedError: Could not find pty on pty host
    at g.O (/home/nvidia/.vscode-server/bin/74f6148eb9ea00507ec113ec51c489d6ffb4b771/out/vs/platform/terminal/node/ptyHostMain.js:28:7243)
    at g.updateTitle (/home/nvidia/.vscode-server/bin/74f6148eb9ea00507ec113ec51c489d6ffb4b771/out/vs/platform/terminal/node/ptyHostMain.js:28:2685)
    at g.Q.<computed> (/home/nvidia/.vscode-server/bin/74f6148eb9ea00507ec113ec51c489d6ffb4b771/out/vs/platform/terminal/node/ptyHostMain.js:27:22460)
    at Object.call (/home/nvidia/.vscode-server/bin/74f6148eb9ea00507ec113ec51c489d6ffb4b771/out/vs/platform/terminal/node/ptyHostMain.js:17:4866)
    at u.s (/home/nvidia/.vscode-server/bin/74f6148eb9ea00507ec113ec51c489d6ffb4b771/out/vs/platform/terminal/node/ptyHostMain.js:15:5150)
    at u.q (/home/nvidia/.vscode-server/bin/74f6148eb9ea00507ec113ec51c489d6ffb4b771/out/vs/platform/terminal/node/ptyHostMain.js:15:4661)
    at i.value (/home/nvidia/.vscode-server/bin/74f6148eb9ea00507ec113ec51c489d6ffb4b771/out/vs/platform/terminal/node/ptyHostMain.js:15:4066)
    at E.w (/home/nvidia/.vscode-server/bin/74f6148eb9ea00507ec113ec51c489d6ffb4b771/out/vs/platform/terminal/node/ptyHostMain.js:10:1902)
    at E.fire (/home/nvidia/.vscode-server/bin/74f6148eb9ea00507ec113ec51c489d6ffb4b771/out/vs/platform/terminal/node/ptyHostMain.js:10:2119)
    at process.G (/home/nvidia/.vscode-server/bin/74f6148eb9ea00507ec113ec51c489d6ffb4b771/out/vs/platform/terminal/node/ptyHostMain.js:8:27085)
    at process.emit (node:events:513:28)
    at emit (node:internal/child_process:939:14)
    at processTicksAndRejections (node:internal/process/task_queues:84:21)
[13:58:06] Error [CodeExpectedError]: Could not find pty on pty host
    at g.O (/home/nvidia/.vscode-server/bin/74f6148eb9ea00507ec113ec51c489d6ffb4b771/out/vs/platform/terminal/node/ptyHostMain.js:28:7243)
    at g.updateTitle (/home/nvidia/.vscode-server/bin/74f6148eb9ea00507ec113ec51c489d6ffb4b771/out/vs/platform/terminal/node/ptyHostMain.js:28:2685)
    at g.Q.<computed> (/home/nvidia/.vscode-server/bin/74f6148eb9ea00507ec113ec51c489d6ffb4b771/out/vs/platform/terminal/node/ptyHostMain.js:27:22460)
    at Object.call (/home/nvidia/.vscode-server/bin/74f6148eb9ea00507ec113ec51c489d6ffb4b771/out/vs/platform/terminal/node/ptyHostMain.js:17:4866)
    at u.s (/home/nvidia/.vscode-server/bin/74f6148eb9ea00507ec113ec51c489d6ffb4b771/out/vs/platform/terminal/node/ptyHostMain.js:15:5150)
    at u.q (/home/nvidia/.vscode-server/bin/74f6148eb9ea00507ec113ec51c489d6ffb4b771/out/vs/platform/terminal/node/ptyHostMain.js:15:4661)
    at i.value (/home/nvidia/.vscode-server/bin/74f6148eb9ea00507ec113ec51c489d6ffb4b771/out/vs/platform/terminal/node/ptyHostMain.js:15:4066)
    at E.w (/home/nvidia/.vscode-server/bin/74f6148eb9ea00507ec113ec51c489d6ffb4b771/out/vs/platform/terminal/node/ptyHostMain.js:10:1902)
    at E.fire (/home/nvidia/.vscode-server/bin/74f6148eb9ea00507ec113ec51c489d6ffb4b771/out/vs/platform/terminal/node/ptyHostMain.js:10:2119)
    at process.G (/home/nvidia/.vscode-server/bin/74f6148eb9ea00507ec113ec51c489d6ffb4b771/out/vs/platform/terminal/node/ptyHostMain.js:8:27085)
    at process.emit (node:events:513:28)
    at emit (node:internal/child_process:939:14)
    at processTicksAndRejections (node:internal/process/task_queues:84:21)
rejected promise not handled within 1 second: CodeExpectedError: Could not find pty on pty host
stack trace: CodeExpectedError: Could not find pty on pty host
    at g.O (/home/nvidia/.vscode-server/bin/74f6148eb9ea00507ec113ec51c489d6ffb4b771/out/vs/platform/terminal/node/ptyHostMain.js:28:7243)
    at g.updateIcon (/home/nvidia/.vscode-server/bin/74f6148eb9ea00507ec113ec51c489d6ffb4b771/out/vs/platform/terminal/node/ptyHostMain.js:28:2735)
    at g.Q.<computed> (/home/nvidia/.vscode-server/bin/74f6148eb9ea00507ec113ec51c489d6ffb4b771/out/vs/platform/terminal/node/ptyHostMain.js:27:22460)
    at Object.call (/home/nvidia/.vscode-server/bin/74f6148eb9ea00507ec113ec51c489d6ffb4b771/out/vs/platform/terminal/node/ptyHostMain.js:17:4866)
    at u.s (/home/nvidia/.vscode-server/bin/74f6148eb9ea00507ec113ec51c489d6ffb4b771/out/vs/platform/terminal/node/ptyHostMain.js:15:5150)
    at u.q (/home/nvidia/.vscode-server/bin/74f6148eb9ea00507ec113ec51c489d6ffb4b771/out/vs/platform/terminal/node/ptyHostMain.js:15:4661)
    at i.value (/home/nvidia/.vscode-server/bin/74f6148eb9ea00507ec113ec51c489d6ffb4b771/out/vs/platform/terminal/node/ptyHostMain.js:15:4066)
    at E.w (/home/nvidia/.vscode-server/bin/74f6148eb9ea00507ec113ec51c489d6ffb4b771/out/vs/platform/terminal/node/ptyHostMain.js:10:1902)
    at E.fire (/home/nvidia/.vscode-server/bin/74f6148eb9ea00507ec113ec51c489d6ffb4b771/out/vs/platform/terminal/node/ptyHostMain.js:10:2119)
    at process.G (/home/nvidia/.vscode-server/bin/74f6148eb9ea00507ec113ec51c489d6ffb4b771/out/vs/platform/terminal/node/ptyHostMain.js:8:27085)
    at process.emit (node:events:513:28)
    at emit (node:internal/child_process:939:14)
    at processTicksAndRejections (node:internal/process/task_queues:84:21)
[13:58:06] Error [CodeExpectedError]: Could not find pty on pty host
    at g.O (/home/nvidia/.vscode-server/bin/74f6148eb9ea00507ec113ec51c489d6ffb4b771/out/vs/platform/terminal/node/ptyHostMain.js:28:7243)
    at g.updateIcon (/home/nvidia/.vscode-server/bin/74f6148eb9ea00507ec113ec51c489d6ffb4b771/out/vs/platform/terminal/node/ptyHostMain.js:28:2735)
    at g.Q.<computed> (/home/nvidia/.vscode-server/bin/74f6148eb9ea00507ec113ec51c489d6ffb4b771/out/vs/platform/terminal/node/ptyHostMain.js:27:22460)
    at Object.call (/home/nvidia/.vscode-server/bin/74f6148eb9ea00507ec113ec51c489d6ffb4b771/out/vs/platform/terminal/node/ptyHostMain.js:17:4866)
    at u.s (/home/nvidia/.vscode-server/bin/74f6148eb9ea00507ec113ec51c489d6ffb4b771/out/vs/platform/terminal/node/ptyHostMain.js:15:5150)
    at u.q (/home/nvidia/.vscode-server/bin/74f6148eb9ea00507ec113ec51c489d6ffb4b771/out/vs/platform/terminal/node/ptyHostMain.js:15:4661)
    at i.value (/home/nvidia/.vscode-server/bin/74f6148eb9ea00507ec113ec51c489d6ffb4b771/out/vs/platform/terminal/node/ptyHostMain.js:15:4066)
    at E.w (/home/nvidia/.vscode-server/bin/74f6148eb9ea00507ec113ec51c489d6ffb4b771/out/vs/platform/terminal/node/ptyHostMain.js:10:1902)
    at E.fire (/home/nvidia/.vscode-server/bin/74f6148eb9ea00507ec113ec51c489d6ffb4b771/out/vs/platform/terminal/node/ptyHostMain.js:10:2119)
    at process.G (/home/nvidia/.vscode-server/bin/74f6148eb9ea00507ec113ec51c489d6ffb4b771/out/vs/platform/terminal/node/ptyHostMain.js:8:27085)
    at process.emit (node:events:513:28)
    at emit (node:internal/child_process:939:14)
    at processTicksAndRejections (node:internal/process/task_queues:84:21)
[13:59:31] [127.0.0.1][0e3747bc][ManagementConnection] The client has disconnected gracefully, so the connection will be disposed.
[13:59:31] [127.0.0.1][fe78199f][ExtensionHostConnection] <7525> Extension Host Process exited with code: 0, signal: null.
Cancelling previous shutdown timeout
[13:59:31] Cancelling previous shutdown timeout
Last EH closed, waiting before shutting down
[13:59:31] Last EH closed, waiting before shutting down
Got delay-shutdown request while in shutdown timeout, delaying
[13:59:38] Got delay-shutdown request while in shutdown timeout, delaying
Cancelling previous shutdown timeout
[13:59:38] Cancelling previous shutdown timeout
[13:59:39] [127.0.0.1][1d929620][ManagementConnection] New connection established.
[13:59:39] [127.0.0.1][e8fb8db9][ExtensionHostConnection] New connection established.
[13:59:39] [127.0.0.1][e8fb8db9][ExtensionHostConnection] <7657> Launched Extension Host Process.
[IPC Library: Pty Host]  WARN Shell integration cannot be enabled for executable "/bin/sh" and args [
  '-c',
  'wget --version > /dev/null\n' +
    'if [ $? -eq 0 ]\n' +
    'then\n' +
    "\twget --connect-timeout=7 --tries=1 --dns-timeout=7 -q --header='Metadata:true' -O - http://169.254.169.254/metadata/instance?api-version=2019-03-11\n" +
    'else\n' +
    '\tcurl --version > /dev/null\n' +
    '\tif [ $? -eq 0 ]\n' +
    '\tthen\n' +
    "\t\tcurl --connect-timeout 7 -s --header='Metadata:true' http://169.254.169.254/metadata/instance?api-version=2019-03-11\n" +
    '\tfi\n' +
    'fi\n' +
    'exit 0'
]
[IPC Library: Pty Host]  WARN Shell integration cannot be enabled for executable "/bin/sh" and args [
  '-c',
  'wget --version > /dev/null\n' +
    'if [ $? -eq 0 ]\n' +
    'then\n' +
    '\twget --connect-timeout=7 --tries=1 --dns-timeout=7 -q  -O - http://169.254.169.254/latest/meta-data/instance-id\n' +
    'else\n' +
    '\tcurl --version > /dev/null\n' +
    '\tif [ $? -eq 0 ]\n' +
    '\tthen\n' +
    '\t\tcurl --connect-timeout 7 -s  http://169.254.169.254/latest/meta-data/instance-id\n' +
    '\tfi\n' +
    'fi\n' +
    'exit 0'
]
[IPC Library: Pty Host]  WARN Shell integration cannot be enabled for executable "/bin/sh" and args [
  '-c',
  'wget --version > /dev/null\n' +
    'if [ $? -eq 0 ]\n' +
    'then\n' +
    '\twget --connect-timeout=7 --tries=1 --dns-timeout=7 -q  -O - http://169.254.169.254/metadata/v1/id\n' +
    'else\n' +
    '\tcurl --version > /dev/null\n' +
    '\tif [ $? -eq 0 ]\n' +
    '\tthen\n' +
    '\t\tcurl --connect-timeout 7 -s  http://169.254.169.254/metadata/v1/id\n' +
    '\tfi\n' +
    'fi\n' +
    'exit 0'
]
[IPC Library: Pty Host]  WARN Shell integration cannot be enabled for executable "/bin/sh" and args [
  '-c',
  'wget --version > /dev/null\n' +
    'if [ $? -eq 0 ]\n' +
    'then\n' +
    "\twget --connect-timeout=7 --tries=1 --dns-timeout=7 -q --header='Metadata-Flavor:Google' -O - http://metadata.google.internal/computeMetadata/v1/instance/id\n" +
    'else\n' +
    '\tcurl --version > /dev/null\n' +
    '\tif [ $? -eq 0 ]\n' +
    '\tthen\n' +
    "\t\tcurl --connect-timeout 7 -s --header='Metadata-Flavor:Google' http://metadata.google.internal/computeMetadata/v1/instance/id\n" +
    '\tfi\n' +
    'fi\n' +
    'exit 0'
]
New EH opened, aborting shutdown
[14:04:38] New EH opened, aborting shutdown
[09:27:43] [File Watcher (parcel)] Watcher shutdown because watched path got deleted (path: /home/nvidia/jetson-inference)
[09:27:43] [File Watcher (node.js)] Watcher shutdown because watched path got deleted
[09:28:37] [File Watcher (parcel)] Watcher restarts because watched path got created again (path: /home/nvidia/jetson-inference)
[10:12:55] [127.0.0.1][42c526fc][ManagementConnection] New connection established.
[10:12:56] [127.0.0.1][0f153d29][ExtensionHostConnection] New connection established.
[10:12:56] [127.0.0.1][0f153d29][ExtensionHostConnection] <12035> Launched Extension Host Process.
[IPC Library: Pty Host]  WARN Shell integration cannot be enabled for executable "/bin/sh" and args [
  '-c',
  'wget --version > /dev/null\n' +
    'if [ $? -eq 0 ]\n' +
    'then\n' +
    "\twget --connect-timeout=7 --tries=1 --dns-timeout=7 -q --header='Metadata:true' -O - http://169.254.169.254/metadata/instance?api-version=2019-03-11\n" +
    'else\n' +
    '\tcurl --version > /dev/null\n' +
    '\tif [ $? -eq 0 ]\n' +
    '\tthen\n' +
    "\t\tcurl --connect-timeout 7 -s --header='Metadata:true' http://169.254.169.254/metadata/instance?api-version=2019-03-11\n" +
    '\tfi\n' +
    'fi\n' +
    'exit 0'
]
[IPC Library: Pty Host]  WARN Shell integration cannot be enabled for executable "/bin/sh" and args [
  '-c',
  'wget --version > /dev/null\n' +
    'if [ $? -eq 0 ]\n' +
    'then\n' +
    '\twget --connect-timeout=7 --tries=1 --dns-timeout=7 -q  -O - http://169.254.169.254/latest/meta-data/instance-id\n' +
    'else\n' +
    '\tcurl --version > /dev/null\n' +
    '\tif [ $? -eq 0 ]\n' +
    '\tthen\n' +
    '\t\tcurl --connect-timeout 7 -s  http://169.254.169.254/latest/meta-data/instance-id\n' +
    '\tfi\n' +
    'fi\n' +
    'exit 0'
]
[IPC Library: Pty Host]  WARN Shell integration cannot be enabled for executable "/bin/sh" and args [
  '-c',
  'wget --version > /dev/null\n' +
    'if [ $? -eq 0 ]\n' +
    'then\n' +
    '\twget --connect-timeout=7 --tries=1 --dns-timeout=7 -q  -O - http://169.254.169.254/metadata/v1/id\n' +
    'else\n' +
    '\tcurl --version > /dev/null\n' +
    '\tif [ $? -eq 0 ]\n' +
    '\tthen\n' +
    '\t\tcurl --connect-timeout 7 -s  http://169.254.169.254/metadata/v1/id\n' +
    '\tfi\n' +
    'fi\n' +
    'exit 0'
]
[IPC Library: Pty Host]  WARN Shell integration cannot be enabled for executable "/bin/sh" and args [
  '-c',
  'wget --version > /dev/null\n' +
    'if [ $? -eq 0 ]\n' +
    'then\n' +
    "\twget --connect-timeout=7 --tries=1 --dns-timeout=7 -q --header='Metadata-Flavor:Google' -O - http://metadata.google.internal/computeMetadata/v1/instance/id\n" +
    'else\n' +
    '\tcurl --version > /dev/null\n' +
    '\tif [ $? -eq 0 ]\n' +
    '\tthen\n' +
    "\t\tcurl --connect-timeout 7 -s --header='Metadata-Flavor:Google' http://metadata.google.internal/computeMetadata/v1/instance/id\n" +
    '\tfi\n' +
    'fi\n' +
    'exit 0'
]
rejected promise not handled within 1 second: CodeExpectedError: Could not find pty on pty host
stack trace: CodeExpectedError: Could not find pty on pty host
    at g.O (/home/nvidia/.vscode-server/bin/74f6148eb9ea00507ec113ec51c489d6ffb4b771/out/vs/platform/terminal/node/ptyHostMain.js:28:7243)
    at g.updateTitle (/home/nvidia/.vscode-server/bin/74f6148eb9ea00507ec113ec51c489d6ffb4b771/out/vs/platform/terminal/node/ptyHostMain.js:28:2685)
    at g.Q.<computed> (/home/nvidia/.vscode-server/bin/74f6148eb9ea00507ec113ec51c489d6ffb4b771/out/vs/platform/terminal/node/ptyHostMain.js:27:22460)
    at Object.call (/home/nvidia/.vscode-server/bin/74f6148eb9ea00507ec113ec51c489d6ffb4b771/out/vs/platform/terminal/node/ptyHostMain.js:17:4866)
    at u.s (/home/nvidia/.vscode-server/bin/74f6148eb9ea00507ec113ec51c489d6ffb4b771/out/vs/platform/terminal/node/ptyHostMain.js:15:5150)
    at u.q (/home/nvidia/.vscode-server/bin/74f6148eb9ea00507ec113ec51c489d6ffb4b771/out/vs/platform/terminal/node/ptyHostMain.js:15:4661)
    at i.value (/home/nvidia/.vscode-server/bin/74f6148eb9ea00507ec113ec51c489d6ffb4b771/out/vs/platform/terminal/node/ptyHostMain.js:15:4066)
    at E.w (/home/nvidia/.vscode-server/bin/74f6148eb9ea00507ec113ec51c489d6ffb4b771/out/vs/platform/terminal/node/ptyHostMain.js:10:1902)
    at E.fire (/home/nvidia/.vscode-server/bin/74f6148eb9ea00507ec113ec51c489d6ffb4b771/out/vs/platform/terminal/node/ptyHostMain.js:10:2119)
    at process.G (/home/nvidia/.vscode-server/bin/74f6148eb9ea00507ec113ec51c489d6ffb4b771/out/vs/platform/terminal/node/ptyHostMain.js:8:27085)
    at process.emit (node:events:513:28)
    at emit (node:internal/child_process:939:14)
    at processTicksAndRejections (node:internal/process/task_queues:84:21)
[10:13:06] Error [CodeExpectedError]: Could not find pty on pty host
    at g.O (/home/nvidia/.vscode-server/bin/74f6148eb9ea00507ec113ec51c489d6ffb4b771/out/vs/platform/terminal/node/ptyHostMain.js:28:7243)
    at g.updateTitle (/home/nvidia/.vscode-server/bin/74f6148eb9ea00507ec113ec51c489d6ffb4b771/out/vs/platform/terminal/node/ptyHostMain.js:28:2685)
    at g.Q.<computed> (/home/nvidia/.vscode-server/bin/74f6148eb9ea00507ec113ec51c489d6ffb4b771/out/vs/platform/terminal/node/ptyHostMain.js:27:22460)
    at Object.call (/home/nvidia/.vscode-server/bin/74f6148eb9ea00507ec113ec51c489d6ffb4b771/out/vs/platform/terminal/node/ptyHostMain.js:17:4866)
    at u.s (/home/nvidia/.vscode-server/bin/74f6148eb9ea00507ec113ec51c489d6ffb4b771/out/vs/platform/terminal/node/ptyHostMain.js:15:5150)
    at u.q (/home/nvidia/.vscode-server/bin/74f6148eb9ea00507ec113ec51c489d6ffb4b771/out/vs/platform/terminal/node/ptyHostMain.js:15:4661)
    at i.value (/home/nvidia/.vscode-server/bin/74f6148eb9ea00507ec113ec51c489d6ffb4b771/out/vs/platform/terminal/node/ptyHostMain.js:15:4066)
    at E.w (/home/nvidia/.vscode-server/bin/74f6148eb9ea00507ec113ec51c489d6ffb4b771/out/vs/platform/terminal/node/ptyHostMain.js:10:1902)
    at E.fire (/home/nvidia/.vscode-server/bin/74f6148eb9ea00507ec113ec51c489d6ffb4b771/out/vs/platform/terminal/node/ptyHostMain.js:10:2119)
    at process.G (/home/nvidia/.vscode-server/bin/74f6148eb9ea00507ec113ec51c489d6ffb4b771/out/vs/platform/terminal/node/ptyHostMain.js:8:27085)
    at process.emit (node:events:513:28)
    at emit (node:internal/child_process:939:14)
    at processTicksAndRejections (node:internal/process/task_queues:84:21)
rejected promise not handled within 1 second: CodeExpectedError: Could not find pty on pty host
stack trace: CodeExpectedError: Could not find pty on pty host
    at g.O (/home/nvidia/.vscode-server/bin/74f6148eb9ea00507ec113ec51c489d6ffb4b771/out/vs/platform/terminal/node/ptyHostMain.js:28:7243)
    at g.updateIcon (/home/nvidia/.vscode-server/bin/74f6148eb9ea00507ec113ec51c489d6ffb4b771/out/vs/platform/terminal/node/ptyHostMain.js:28:2735)
    at g.Q.<computed> (/home/nvidia/.vscode-server/bin/74f6148eb9ea00507ec113ec51c489d6ffb4b771/out/vs/platform/terminal/node/ptyHostMain.js:27:22460)
    at Object.call (/home/nvidia/.vscode-server/bin/74f6148eb9ea00507ec113ec51c489d6ffb4b771/out/vs/platform/terminal/node/ptyHostMain.js:17:4866)
    at u.s (/home/nvidia/.vscode-server/bin/74f6148eb9ea00507ec113ec51c489d6ffb4b771/out/vs/platform/terminal/node/ptyHostMain.js:15:5150)
    at u.q (/home/nvidia/.vscode-server/bin/74f6148eb9ea00507ec113ec51c489d6ffb4b771/out/vs/platform/terminal/node/ptyHostMain.js:15:4661)
    at i.value (/home/nvidia/.vscode-server/bin/74f6148eb9ea00507ec113ec51c489d6ffb4b771/out/vs/platform/terminal/node/ptyHostMain.js:15:4066)
    at E.w (/home/nvidia/.vscode-server/bin/74f6148eb9ea00507ec113ec51c489d6ffb4b771/out/vs/platform/terminal/node/ptyHostMain.js:10:1902)
    at E.fire (/home/nvidia/.vscode-server/bin/74f6148eb9ea00507ec113ec51c489d6ffb4b771/out/vs/platform/terminal/node/ptyHostMain.js:10:2119)
    at process.G (/home/nvidia/.vscode-server/bin/74f6148eb9ea00507ec113ec51c489d6ffb4b771/out/vs/platform/terminal/node/ptyHostMain.js:8:27085)
    at process.emit (node:events:513:28)
    at emit (node:internal/child_process:939:14)
    at processTicksAndRejections (node:internal/process/task_queues:84:21)
[10:13:06] Error [CodeExpectedError]: Could not find pty on pty host
    at g.O (/home/nvidia/.vscode-server/bin/74f6148eb9ea00507ec113ec51c489d6ffb4b771/out/vs/platform/terminal/node/ptyHostMain.js:28:7243)
    at g.updateIcon (/home/nvidia/.vscode-server/bin/74f6148eb9ea00507ec113ec51c489d6ffb4b771/out/vs/platform/terminal/node/ptyHostMain.js:28:2735)
    at g.Q.<computed> (/home/nvidia/.vscode-server/bin/74f6148eb9ea00507ec113ec51c489d6ffb4b771/out/vs/platform/terminal/node/ptyHostMain.js:27:22460)
    at Object.call (/home/nvidia/.vscode-server/bin/74f6148eb9ea00507ec113ec51c489d6ffb4b771/out/vs/platform/terminal/node/ptyHostMain.js:17:4866)
    at u.s (/home/nvidia/.vscode-server/bin/74f6148eb9ea00507ec113ec51c489d6ffb4b771/out/vs/platform/terminal/node/ptyHostMain.js:15:5150)
    at u.q (/home/nvidia/.vscode-server/bin/74f6148eb9ea00507ec113ec51c489d6ffb4b771/out/vs/platform/terminal/node/ptyHostMain.js:15:4661)
    at i.value (/home/nvidia/.vscode-server/bin/74f6148eb9ea00507ec113ec51c489d6ffb4b771/out/vs/platform/terminal/node/ptyHostMain.js:15:4066)
    at E.w (/home/nvidia/.vscode-server/bin/74f6148eb9ea00507ec113ec51c489d6ffb4b771/out/vs/platform/terminal/node/ptyHostMain.js:10:1902)
    at E.fire (/home/nvidia/.vscode-server/bin/74f6148eb9ea00507ec113ec51c489d6ffb4b771/out/vs/platform/terminal/node/ptyHostMain.js:10:2119)
    at process.G (/home/nvidia/.vscode-server/bin/74f6148eb9ea00507ec113ec51c489d6ffb4b771/out/vs/platform/terminal/node/ptyHostMain.js:8:27085)
    at process.emit (node:events:513:28)
    at emit (node:internal/child_process:939:14)
    at processTicksAndRejections (node:internal/process/task_queues:84:21)
